<?xml version="1.0" encoding="UTF-8"?>
<!-- Generated by org.testng.reporters.JUnitReportReporter -->
<testsuite hostname="LAPTOP-R9NE84EN" failures="0" tests="3" name="neoStoxMVNTextClass1.ValidateNeoStoxUserNameByDataProvider" time="161.935" errors="1" timestamp="2023-02-04T21:27:15 IST" skipped="0">
  <testcase classname="neoStoxMVNTextClass1.ValidateNeoStoxUserNameByDataProvider" name="validateUserName" time="57.451">
    <error message="element not interactable
  (Session info: chrome=109.0.5414.120)
Build info: version: &#039;4.7.2&#039;, revision: &#039;4d4020c3b7&#039;
System info: os.name: &#039;Windows 11&#039;, os.arch: &#039;amd64&#039;, os.version: &#039;10.0&#039;, java.version: &#039;11.0.15&#039;
Driver info: org.openqa.selenium.chrome.ChromeDriver
Command: [ad6fd4ded7275b93aea80fd917956f5d, clickElement {id=6e8a40e8-5c08-44ec-ad09-6ee2e8b4e54d}]
Capabilities {acceptInsecureCerts: false, browserName: chrome, browserVersion: 109.0.5414.120, chrome: {chromedriverVersion: 109.0.5414.74 (e7c5703604da..., userDataDir: C:\Users\manda\AppData\Loca...}, goog:chromeOptions: {debuggerAddress: localhost:50587}, networkConnectionEnabled: false, pageLoadStrategy: normal, platformName: WINDOWS, proxy: Proxy(), se:cdp: ws://localhost:50587/devtoo..., se:cdpVersion: 109.0.5414.120, setWindowRect: true, strictFileInteractability: false, timeouts: {implicit: 0, pageLoad: 300000, script: 30000}, unhandledPromptBehavior: dismiss and notify, webauthn:extension:credBlob: true, webauthn:extension:largeBlob: true, webauthn:virtualAuthenticators: true}
Element: [[ChromeDriver: chrome on WINDOWS (ad6fd4ded7275b93aea80fd917956f5d)] -&gt; xpath: (//a[text()=&#039;OK&#039;])[2]]
Session ID: ad6fd4ded7275b93aea80fd917956f5d" type="org.openqa.selenium.ElementNotInteractableException">
      <![CDATA[org.openqa.selenium.ElementNotInteractableException: element not interactable
  (Session info: chrome=109.0.5414.120)
Build info: version: '4.7.2', revision: '4d4020c3b7'
System info: os.name: 'Windows 11', os.arch: 'amd64', os.version: '10.0', java.version: '11.0.15'
Driver info: org.openqa.selenium.chrome.ChromeDriver
Command: [ad6fd4ded7275b93aea80fd917956f5d, clickElement {id=6e8a40e8-5c08-44ec-ad09-6ee2e8b4e54d}]
Capabilities {acceptInsecureCerts: false, browserName: chrome, browserVersion: 109.0.5414.120, chrome: {chromedriverVersion: 109.0.5414.74 (e7c5703604da..., userDataDir: C:\Users\manda\AppData\Loca...}, goog:chromeOptions: {debuggerAddress: localhost:50587}, networkConnectionEnabled: false, pageLoadStrategy: normal, platformName: WINDOWS, proxy: Proxy(), se:cdp: ws://localhost:50587/devtoo..., se:cdpVersion: 109.0.5414.120, setWindowRect: true, strictFileInteractability: false, timeouts: {implicit: 0, pageLoad: 300000, script: 30000}, unhandledPromptBehavior: dismiss and notify, webauthn:extension:credBlob: true, webauthn:extension:largeBlob: true, webauthn:virtualAuthenticators: true}
Element: [[ChromeDriver: chrome on WINDOWS (ad6fd4ded7275b93aea80fd917956f5d)] -> xpath: (//a[text()='OK'])[2]]
Session ID: ad6fd4ded7275b93aea80fd917956f5d
at java.base/jdk.internal.reflect.NativeConstructorAccessorImpl.newInstance0(Native Method)
at java.base/jdk.internal.reflect.NativeConstructorAccessorImpl.newInstance(NativeConstructorAccessorImpl.java:62)
at java.base/jdk.internal.reflect.DelegatingConstructorAccessorImpl.newInstance(DelegatingConstructorAccessorImpl.java:45)
at java.base/java.lang.reflect.Constructor.newInstance(Constructor.java:490)
at org.openqa.selenium.remote.codec.w3c.W3CHttpResponseCodec.createException(W3CHttpResponseCodec.java:200)
at org.openqa.selenium.remote.codec.w3c.W3CHttpResponseCodec.decode(W3CHttpResponseCodec.java:133)
at org.openqa.selenium.remote.codec.w3c.W3CHttpResponseCodec.decode(W3CHttpResponseCodec.java:53)
at org.openqa.selenium.remote.HttpCommandExecutor.execute(HttpCommandExecutor.java:184)
at org.openqa.selenium.remote.service.DriverCommandExecutor.invokeExecute(DriverCommandExecutor.java:167)
at org.openqa.selenium.remote.service.DriverCommandExecutor.execute(DriverCommandExecutor.java:142)
at org.openqa.selenium.remote.RemoteWebDriver.execute(RemoteWebDriver.java:535)
at org.openqa.selenium.remote.RemoteWebElement.execute(RemoteWebElement.java:257)
at org.openqa.selenium.remote.RemoteWebElement.click(RemoteWebElement.java:78)
at java.base/jdk.internal.reflect.NativeMethodAccessorImpl.invoke0(Native Method)
at java.base/jdk.internal.reflect.NativeMethodAccessorImpl.invoke(NativeMethodAccessorImpl.java:62)
at java.base/jdk.internal.reflect.DelegatingMethodAccessorImpl.invoke(DelegatingMethodAccessorImpl.java:43)
at java.base/java.lang.reflect.Method.invoke(Method.java:566)
at org.openqa.selenium.support.pagefactory.internal.LocatingElementHandler.invoke(LocatingElementHandler.java:52)
at com.sun.proxy.$Proxy18.click(Unknown Source)
at neoStoxPomClasses.PopupDashbordDDFPagr.clickokbutton(PopupDashbordDDFPagr.java:28)
at neoStoxMVNTextClass1.ValidateNeoStoxUserNameByDataProvider.validateUserName(ValidateNeoStoxUserNameByDataProvider.java:69)
at java.base/jdk.internal.reflect.NativeMethodAccessorImpl.invoke0(Native Method)
at java.base/jdk.internal.reflect.NativeMethodAccessorImpl.invoke(NativeMethodAccessorImpl.java:62)
at java.base/jdk.internal.reflect.DelegatingMethodAccessorImpl.invoke(DelegatingMethodAccessorImpl.java:43)
at java.base/java.lang.reflect.Method.invoke(Method.java:566)
at org.testng.internal.MethodInvocationHelper.invokeMethod(MethodInvocationHelper.java:133)
at org.testng.internal.TestInvoker.invokeMethod(TestInvoker.java:598)
at org.testng.internal.TestInvoker.invokeTestMethod(TestInvoker.java:173)
at org.testng.internal.MethodRunner.runInSequence(MethodRunner.java:46)
at org.testng.internal.TestInvoker$MethodInvocationAgent.invoke(TestInvoker.java:824)
at org.testng.internal.TestInvoker.invokeTestMethods(TestInvoker.java:146)
at org.testng.internal.TestMethodWorker.invokeTestMethods(TestMethodWorker.java:146)
at org.testng.internal.TestMethodWorker.run(TestMethodWorker.java:128)
at java.base/java.util.ArrayList.forEach(ArrayList.java:1541)
at org.testng.TestRunner.privateRun(TestRunner.java:794)
at org.testng.TestRunner.run(TestRunner.java:596)
at org.testng.SuiteRunner.runTest(SuiteRunner.java:377)
at org.testng.SuiteRunner.runSequentially(SuiteRunner.java:371)
at org.testng.SuiteRunner.privateRun(SuiteRunner.java:332)
at org.testng.SuiteRunner.run(SuiteRunner.java:276)
at org.testng.SuiteRunnerWorker.runSuite(SuiteRunnerWorker.java:53)
at org.testng.SuiteRunnerWorker.run(SuiteRunnerWorker.java:96)
at org.testng.TestNG.runSuitesSequentially(TestNG.java:1212)
at org.testng.TestNG.runSuitesLocally(TestNG.java:1134)
at org.testng.TestNG.runSuites(TestNG.java:1063)
at org.testng.TestNG.run(TestNG.java:1031)
at org.testng.remote.AbstractRemoteTestNG.run(AbstractRemoteTestNG.java:115)
at org.testng.remote.RemoteTestNG.initAndRun(RemoteTestNG.java:251)
at org.testng.remote.RemoteTestNG.main(RemoteTestNG.java:77)
]]>
    </error>
  </testcase> <!-- validateUserName -->
  <system-out>
    <![CDATA[clicking on signin button
waiting for 1000ms
Entering mobile number
Clicking on sign in button
waiting for 1000ms
entering password
clicking on submit button
waiting for 1000ms
scrolling into view to 
tcvalidateUserName failed
taking screenshot 
screenShot taken and saved at E:\screenshot\validateUserName13.png]]>
  </system-out>
  <testcase classname="neoStoxMVNTextClass1.ValidateNeoStoxUserNameByDataProvider" name="validateUserName" time="45.161"/>
  <system-out>
    <![CDATA[clicking on signin button
waiting for 1000ms
Entering mobile number
Clicking on sign in button
waiting for 1000ms
entering password
clicking on submit button
waiting for 1000ms
scrolling into view to OK
clicking on PopUp OK button
scrolling into view to 
getting actual user Name
Actual user name is --> Hi Ankush More
taking screenshot 
screenShot taken and saved at E:\screenshot\Hi Ankush MoreKy.png
Logging out from neoStox
tcvalidateUserName passed]]>
  </system-out>
  <testcase classname="neoStoxMVNTextClass1.ValidateNeoStoxUserNameByDataProvider" name="validateUserName" time="59.323"/>
  <system-out>
    <![CDATA[clicking on signin button
waiting for 1000ms
Entering mobile number
Clicking on sign in button
waiting for 1000ms
entering password
clicking on submit button
waiting for 1000ms
scrolling into view to OK
clicking on PopUp OK button
scrolling into view to 
getting actual user Name
Actual user name is --> Hi mandar telage
taking screenshot 
screenShot taken and saved at E:\screenshot\Hi mandar telageJ7.png
Logging out from neoStox
tcvalidateUserName passed]]>
  </system-out>
</testsuite> <!-- neoStoxMVNTextClass1.ValidateNeoStoxUserNameByDataProvider -->
